  c파일cpp로옮기기.cpp
C:\Users\asus\source\repos\c파일cpp로옮기기\c파일cpp로옮기기\c파일cpp로옮기기.cpp(100,16): warning C4018: '<': signed 또는 unsigned가 일치하지 않습니다.
C:\Users\asus\source\repos\c파일cpp로옮기기\c파일cpp로옮기기\c파일cpp로옮기기.cpp(129,9): warning C4477: 'printf' : 서식 문자열 '%d'에 'int' 형식의 인수가 필요하지만 variadic 인수 1의 형식이 'HANDLE'입니다.
C:\Users\asus\source\repos\c파일cpp로옮기기\c파일cpp로옮기기\c파일cpp로옮기기.cpp(129,9): warning C4313: 'printf': 서식 문자열의 '%d'이(가) HANDLE' 형식의 인수 1과(와) 충돌합니다.
C:\Users\asus\source\repos\c파일cpp로옮기기\c파일cpp로옮기기\c파일cpp로옮기기.cpp(168,10): warning C4477: 'printf' : 서식 문자열 '%d'에 'int' 형식의 인수가 필요하지만 variadic 인수 1의 형식이 'SOCKET'입니다.
C:\Users\asus\source\repos\c파일cpp로옮기기\c파일cpp로옮기기\c파일cpp로옮기기.cpp(168,10): message : 서식 문자열에서 '%lld'을(를) 사용하는 것이 좋습니다.
C:\Users\asus\source\repos\c파일cpp로옮기기\c파일cpp로옮기기\c파일cpp로옮기기.cpp(168,10): message : 서식 문자열에서 '%Id'을(를) 사용하는 것이 좋습니다.
C:\Users\asus\source\repos\c파일cpp로옮기기\c파일cpp로옮기기\c파일cpp로옮기기.cpp(168,10): message : 서식 문자열에서 '%I64d'을(를) 사용하는 것이 좋습니다.
C:\Users\asus\source\repos\c파일cpp로옮기기\c파일cpp로옮기기\c파일cpp로옮기기.cpp(170,10): warning C4477: 'printf' : 서식 문자열 '%d'에 'int' 형식의 인수가 필요하지만 variadic 인수 1의 형식이 'HANDLE'입니다.
C:\Users\asus\source\repos\c파일cpp로옮기기\c파일cpp로옮기기\c파일cpp로옮기기.cpp(170,10): warning C4313: 'printf': 서식 문자열의 '%d'이(가) HANDLE' 형식의 인수 1과(와) 충돌합니다.
C:\Users\asus\source\repos\c파일cpp로옮기기\c파일cpp로옮기기\c파일cpp로옮기기.cpp(184,9): warning C4477: 'printf' : 서식 문자열 '%d'에 'int' 형식의 인수가 필요하지만 variadic 인수 1의 형식이 'SOCKET'입니다.
C:\Users\asus\source\repos\c파일cpp로옮기기\c파일cpp로옮기기\c파일cpp로옮기기.cpp(184,9): message : 서식 문자열에서 '%lld'을(를) 사용하는 것이 좋습니다.
C:\Users\asus\source\repos\c파일cpp로옮기기\c파일cpp로옮기기\c파일cpp로옮기기.cpp(184,9): message : 서식 문자열에서 '%Id'을(를) 사용하는 것이 좋습니다.
C:\Users\asus\source\repos\c파일cpp로옮기기\c파일cpp로옮기기\c파일cpp로옮기기.cpp(184,9): message : 서식 문자열에서 '%I64d'을(를) 사용하는 것이 좋습니다.
C:\Users\asus\source\repos\c파일cpp로옮기기\c파일cpp로옮기기\c파일cpp로옮기기.cpp(152,6): warning C4101: 'bytesReceived' :참조되지 않은 지역 변수입니다.
C:\Users\asus\source\repos\c파일cpp로옮기기\c파일cpp로옮기기\c파일cpp로옮기기.cpp(87,14): warning C4101: 'service' :참조되지 않은 지역 변수입니다.
C:\Users\asus\source\repos\c파일cpp로옮기기\c파일cpp로옮기기\c파일cpp로옮기기.cpp(84,6): warning C4101: 'recvBytes' :참조되지 않은 지역 변수입니다.
C:\Users\asus\source\repos\c파일cpp로옮기기\c파일cpp로옮기기\c파일cpp로옮기기.cpp(273,10): warning C4477: 'printf' : 서식 문자열 '%d'에 'int' 형식의 인수가 필요하지만 variadic 인수 1의 형식이 'SOCKET'입니다.
C:\Users\asus\source\repos\c파일cpp로옮기기\c파일cpp로옮기기\c파일cpp로옮기기.cpp(273,10): message : 서식 문자열에서 '%lld'을(를) 사용하는 것이 좋습니다.
C:\Users\asus\source\repos\c파일cpp로옮기기\c파일cpp로옮기기\c파일cpp로옮기기.cpp(273,10): message : 서식 문자열에서 '%Id'을(를) 사용하는 것이 좋습니다.
C:\Users\asus\source\repos\c파일cpp로옮기기\c파일cpp로옮기기\c파일cpp로옮기기.cpp(273,10): message : 서식 문자열에서 '%I64d'을(를) 사용하는 것이 좋습니다.
C:\Users\asus\source\repos\c파일cpp로옮기기\c파일cpp로옮기기\c파일cpp로옮기기.cpp(390,93): warning C4267: '인수': 'size_t'에서 'int'(으)로 변환하면서 데이터가 손실될 수 있습니다.
C:\Users\asus\source\repos\c파일cpp로옮기기\c파일cpp로옮기기\c파일cpp로옮기기.cpp(605,11): warning C4477: 'printf' : 서식 문자열 '%d'에 'int' 형식의 인수가 필요하지만 variadic 인수 1의 형식이 'SOCKET'입니다.
C:\Users\asus\source\repos\c파일cpp로옮기기\c파일cpp로옮기기\c파일cpp로옮기기.cpp(605,11): message : 서식 문자열에서 '%lld'을(를) 사용하는 것이 좋습니다.
C:\Users\asus\source\repos\c파일cpp로옮기기\c파일cpp로옮기기\c파일cpp로옮기기.cpp(605,11): message : 서식 문자열에서 '%Id'을(를) 사용하는 것이 좋습니다.
C:\Users\asus\source\repos\c파일cpp로옮기기\c파일cpp로옮기기\c파일cpp로옮기기.cpp(605,11): message : 서식 문자열에서 '%I64d'을(를) 사용하는 것이 좋습니다.
C:\Users\asus\source\repos\c파일cpp로옮기기\c파일cpp로옮기기\c파일cpp로옮기기.cpp(606,11): warning C4477: 'printf' : 서식 문자열 '%d'에 'int' 형식의 인수가 필요하지만 variadic 인수 1의 형식이 'SOCKET'입니다.
C:\Users\asus\source\repos\c파일cpp로옮기기\c파일cpp로옮기기\c파일cpp로옮기기.cpp(606,11): message : 서식 문자열에서 '%lld'을(를) 사용하는 것이 좋습니다.
C:\Users\asus\source\repos\c파일cpp로옮기기\c파일cpp로옮기기\c파일cpp로옮기기.cpp(606,11): message : 서식 문자열에서 '%Id'을(를) 사용하는 것이 좋습니다.
C:\Users\asus\source\repos\c파일cpp로옮기기\c파일cpp로옮기기\c파일cpp로옮기기.cpp(606,11): message : 서식 문자열에서 '%I64d'을(를) 사용하는 것이 좋습니다.
C:\Users\asus\source\repos\c파일cpp로옮기기\c파일cpp로옮기기\c파일cpp로옮기기.cpp(242,6): warning C4101: 'port' :참조되지 않은 지역 변수입니다.
C:\Users\asus\source\repos\c파일cpp로옮기기\c파일cpp로옮기기\c파일cpp로옮기기.cpp(237,8): warning C4101: 'dwBytes' :참조되지 않은 지역 변수입니다.
C:\Users\asus\source\repos\c파일cpp로옮기기\c파일cpp로옮기기\c파일cpp로옮기기.cpp(250,7): warning C4101: 'buf' :참조되지 않은 지역 변수입니다.
C:\Users\asus\source\repos\c파일cpp로옮기기\c파일cpp로옮기기\c파일cpp로옮기기.cpp(253,7): warning C4101: 'filename' :참조되지 않은 지역 변수입니다.
C:\Users\asus\source\repos\c파일cpp로옮기기\c파일cpp로옮기기\c파일cpp로옮기기.cpp(252,7): warning C4101: 'ct' :참조되지 않은 지역 변수입니다.
C:\Users\asus\source\repos\c파일cpp로옮기기\c파일cpp로옮기기\c파일cpp로옮기기.cpp(251,7): warning C4101: 'method' :참조되지 않은 지역 변수입니다.
C:\Users\asus\source\repos\c파일cpp로옮기기\c파일cpp로옮기기\c파일cpp로옮기기.cpp(622,9): warning C4101: 'lpOutputBuf' :참조되지 않은 지역 변수입니다.
C:\Users\asus\source\repos\c파일cpp로옮기기\c파일cpp로옮기기\c파일cpp로옮기기.cpp(620,18): warning C4101: 'olOverlap' :참조되지 않은 지역 변수입니다.
C:\Users\asus\source\repos\c파일cpp로옮기기\c파일cpp로옮기기\c파일cpp로옮기기.cpp(624,9): warning C4101: 'buffer' :참조되지 않은 지역 변수입니다.
  코드를 생성하고 있습니다.
  1 of 567 functions ( 0.2%) were compiled, the rest were copied from previous compilation.
    0 functions were new in current compilation
    1 functions had inline decision re-evaluated but remain unchanged
  코드를 생성했습니다.
  c파일cpp로옮기기.vcxproj -> C:\Users\asus\source\repos\c파일cpp로옮기기\x64\Release\c파일cpp로옮기기.exe
